[2020-11-08 17:14:59] request.INFO: Matched route "get_all_posts". {"route":"get_all_posts","route_parameters":{"_route":"get_all_posts","_controller":"App\\Controller\\PostsController::getPostsAction"},"request_uri":"http://theimageboard.com/post/get-posts?page=1","method":"GET"} []
[2020-11-08 17:14:59] security.DEBUG: Checking for guard authentication credentials. {"firewall_key":"main","authenticators":1} []
[2020-11-08 17:14:59] security.DEBUG: Checking support on guard authenticator. {"firewall_key":"main","authenticator":"App\\Services\\Security\\AuthenticatorService"} []
[2020-11-08 17:14:59] security.DEBUG: Guard authenticator does not support the request. {"firewall_key":"main","authenticator":"App\\Services\\Security\\AuthenticatorService"} []
[2020-11-08 17:14:59] security.INFO: Populated the TokenStorage with an anonymous Token. [] []
[2020-11-08 17:14:59] request.CRITICAL: Uncaught PHP Exception Doctrine\DBAL\Exception\ConnectionException: "An exception occurred in driver: SQLSTATE[HY000] [1045] Access denied for user 'root'@'localhost' (using password: NO)" at /home/theimage/vendor/doctrine/dbal/lib/Doctrine/DBAL/Driver/AbstractMySQLDriver.php line 93 {"exception":"[object] (Doctrine\\DBAL\\Exception\\ConnectionException(code: 0): An exception occurred in driver: SQLSTATE[HY000] [1045] Access denied for user 'root'@'localhost' (using password: NO) at /home/theimage/vendor/doctrine/dbal/lib/Doctrine/DBAL/Driver/AbstractMySQLDriver.php:93, Doctrine\\DBAL\\Driver\\PDOException(code: 1045): SQLSTATE[HY000] [1045] Access denied for user 'root'@'localhost' (using password: NO) at /home/theimage/vendor/doctrine/dbal/lib/Doctrine/DBAL/Driver/PDOConnection.php:31, PDOException(code: 1045): SQLSTATE[HY000] [1045] Access denied for user 'root'@'localhost' (using password: NO) at /home/theimage/vendor/doctrine/dbal/lib/Doctrine/DBAL/Driver/PDOConnection.php:27)"} []
[2020-11-08 17:16:22] request.INFO: Matched route "get_all_posts". {"route":"get_all_posts","route_parameters":{"_route":"get_all_posts","_controller":"App\\Controller\\PostsController::getPostsAction"},"request_uri":"http://theimageboard.com/post/get-posts?page=1","method":"GET"} []
[2020-11-08 17:16:22] security.DEBUG: Checking for guard authentication credentials. {"firewall_key":"main","authenticators":1} []
[2020-11-08 17:16:22] security.DEBUG: Checking support on guard authenticator. {"firewall_key":"main","authenticator":"App\\Services\\Security\\AuthenticatorService"} []
[2020-11-08 17:16:22] security.DEBUG: Guard authenticator does not support the request. {"firewall_key":"main","authenticator":"App\\Services\\Security\\AuthenticatorService"} []
[2020-11-08 17:16:22] security.INFO: Populated the TokenStorage with an anonymous Token. [] []
[2020-11-08 17:16:22] request.CRITICAL: Uncaught PHP Exception Doctrine\DBAL\Exception\ConnectionException: "An exception occurred in driver: SQLSTATE[HY000] [1045] Access denied for user 'root'@'localhost' (using password: NO)" at /home/theimage/vendor/doctrine/dbal/lib/Doctrine/DBAL/Driver/AbstractMySQLDriver.php line 93 {"exception":"[object] (Doctrine\\DBAL\\Exception\\ConnectionException(code: 0): An exception occurred in driver: SQLSTATE[HY000] [1045] Access denied for user 'root'@'localhost' (using password: NO) at /home/theimage/vendor/doctrine/dbal/lib/Doctrine/DBAL/Driver/AbstractMySQLDriver.php:93, Doctrine\\DBAL\\Driver\\PDOException(code: 1045): SQLSTATE[HY000] [1045] Access denied for user 'root'@'localhost' (using password: NO) at /home/theimage/vendor/doctrine/dbal/lib/Doctrine/DBAL/Driver/PDOConnection.php:31, PDOException(code: 1045): SQLSTATE[HY000] [1045] Access denied for user 'root'@'localhost' (using password: NO) at /home/theimage/vendor/doctrine/dbal/lib/Doctrine/DBAL/Driver/PDOConnection.php:27)"} []
[2020-11-08 17:16:28] request.INFO: Matched route "get_all_posts". {"route":"get_all_posts","route_parameters":{"_route":"get_all_posts","_controller":"App\\Controller\\PostsController::getPostsAction"},"request_uri":"http://theimageboard.com/post/get-posts?page=1","method":"GET"} []
[2020-11-08 17:16:28] security.DEBUG: Checking for guard authentication credentials. {"firewall_key":"main","authenticators":1} []
[2020-11-08 17:16:28] security.DEBUG: Checking support on guard authenticator. {"firewall_key":"main","authenticator":"App\\Services\\Security\\AuthenticatorService"} []
[2020-11-08 17:16:28] security.DEBUG: Guard authenticator does not support the request. {"firewall_key":"main","authenticator":"App\\Services\\Security\\AuthenticatorService"} []
[2020-11-08 17:16:28] security.INFO: Populated the TokenStorage with an anonymous Token. [] []
[2020-11-08 17:16:29] request.CRITICAL: Uncaught PHP Exception Doctrine\DBAL\Exception\ConnectionException: "An exception occurred in driver: SQLSTATE[HY000] [1045] Access denied for user 'root'@'localhost' (using password: NO)" at /home/theimage/vendor/doctrine/dbal/lib/Doctrine/DBAL/Driver/AbstractMySQLDriver.php line 93 {"exception":"[object] (Doctrine\\DBAL\\Exception\\ConnectionException(code: 0): An exception occurred in driver: SQLSTATE[HY000] [1045] Access denied for user 'root'@'localhost' (using password: NO) at /home/theimage/vendor/doctrine/dbal/lib/Doctrine/DBAL/Driver/AbstractMySQLDriver.php:93, Doctrine\\DBAL\\Driver\\PDOException(code: 1045): SQLSTATE[HY000] [1045] Access denied for user 'root'@'localhost' (using password: NO) at /home/theimage/vendor/doctrine/dbal/lib/Doctrine/DBAL/Driver/PDOConnection.php:31, PDOException(code: 1045): SQLSTATE[HY000] [1045] Access denied for user 'root'@'localhost' (using password: NO) at /home/theimage/vendor/doctrine/dbal/lib/Doctrine/DBAL/Driver/PDOConnection.php:27)"} []
[2020-11-08 17:18:41] request.INFO: Matched route "get_all_posts". {"route":"get_all_posts","route_parameters":{"_route":"get_all_posts","_controller":"App\\Controller\\PostsController::getPostsAction"},"request_uri":"http://theimageboard.com/post/get-posts?page=1","method":"GET"} []
[2020-11-08 17:18:41] security.DEBUG: Checking for guard authentication credentials. {"firewall_key":"main","authenticators":1} []
[2020-11-08 17:18:41] security.DEBUG: Checking support on guard authenticator. {"firewall_key":"main","authenticator":"App\\Services\\Security\\AuthenticatorService"} []
[2020-11-08 17:18:41] security.DEBUG: Guard authenticator does not support the request. {"firewall_key":"main","authenticator":"App\\Services\\Security\\AuthenticatorService"} []
[2020-11-08 17:18:41] security.INFO: Populated the TokenStorage with an anonymous Token. [] []
[2020-11-08 17:18:41] request.CRITICAL: Uncaught PHP Exception Doctrine\DBAL\Exception\ConnectionException: "An exception occurred in driver: SQLSTATE[HY000] [1045] Access denied for user 'root'@'localhost' (using password: NO)" at /home/theimage/vendor/doctrine/dbal/lib/Doctrine/DBAL/Driver/AbstractMySQLDriver.php line 93 {"exception":"[object] (Doctrine\\DBAL\\Exception\\ConnectionException(code: 0): An exception occurred in driver: SQLSTATE[HY000] [1045] Access denied for user 'root'@'localhost' (using password: NO) at /home/theimage/vendor/doctrine/dbal/lib/Doctrine/DBAL/Driver/AbstractMySQLDriver.php:93, Doctrine\\DBAL\\Driver\\PDOException(code: 1045): SQLSTATE[HY000] [1045] Access denied for user 'root'@'localhost' (using password: NO) at /home/theimage/vendor/doctrine/dbal/lib/Doctrine/DBAL/Driver/PDOConnection.php:31, PDOException(code: 1045): SQLSTATE[HY000] [1045] Access denied for user 'root'@'localhost' (using password: NO) at /home/theimage/vendor/doctrine/dbal/lib/Doctrine/DBAL/Driver/PDOConnection.php:27)"} []
[2020-11-08 17:18:42] request.INFO: Matched route "get_all_posts". {"route":"get_all_posts","route_parameters":{"_route":"get_all_posts","_controller":"App\\Controller\\PostsController::getPostsAction"},"request_uri":"http://theimageboard.com/post/get-posts?page=1","method":"GET"} []
[2020-11-08 17:18:42] security.DEBUG: Checking for guard authentication credentials. {"firewall_key":"main","authenticators":1} []
[2020-11-08 17:18:42] security.DEBUG: Checking support on guard authenticator. {"firewall_key":"main","authenticator":"App\\Services\\Security\\AuthenticatorService"} []
[2020-11-08 17:18:42] security.DEBUG: Guard authenticator does not support the request. {"firewall_key":"main","authenticator":"App\\Services\\Security\\AuthenticatorService"} []
[2020-11-08 17:18:42] security.INFO: Populated the TokenStorage with an anonymous Token. [] []
[2020-11-08 17:18:42] request.CRITICAL: Uncaught PHP Exception Doctrine\DBAL\Exception\ConnectionException: "An exception occurred in driver: SQLSTATE[HY000] [1045] Access denied for user 'root'@'localhost' (using password: NO)" at /home/theimage/vendor/doctrine/dbal/lib/Doctrine/DBAL/Driver/AbstractMySQLDriver.php line 93 {"exception":"[object] (Doctrine\\DBAL\\Exception\\ConnectionException(code: 0): An exception occurred in driver: SQLSTATE[HY000] [1045] Access denied for user 'root'@'localhost' (using password: NO) at /home/theimage/vendor/doctrine/dbal/lib/Doctrine/DBAL/Driver/AbstractMySQLDriver.php:93, Doctrine\\DBAL\\Driver\\PDOException(code: 1045): SQLSTATE[HY000] [1045] Access denied for user 'root'@'localhost' (using password: NO) at /home/theimage/vendor/doctrine/dbal/lib/Doctrine/DBAL/Driver/PDOConnection.php:31, PDOException(code: 1045): SQLSTATE[HY000] [1045] Access denied for user 'root'@'localhost' (using password: NO) at /home/theimage/vendor/doctrine/dbal/lib/Doctrine/DBAL/Driver/PDOConnection.php:27)"} []
[2020-11-08 17:19:11] request.INFO: Matched route "get_all_posts". {"route":"get_all_posts","route_parameters":{"_route":"get_all_posts","_controller":"App\\Controller\\PostsController::getPostsAction"},"request_uri":"http://theimageboard.com/post/get-posts?page=1","method":"GET"} []
[2020-11-08 17:19:11] security.DEBUG: Checking for guard authentication credentials. {"firewall_key":"main","authenticators":1} []
[2020-11-08 17:19:11] security.DEBUG: Checking support on guard authenticator. {"firewall_key":"main","authenticator":"App\\Services\\Security\\AuthenticatorService"} []
[2020-11-08 17:19:11] security.DEBUG: Guard authenticator does not support the request. {"firewall_key":"main","authenticator":"App\\Services\\Security\\AuthenticatorService"} []
[2020-11-08 17:19:11] security.INFO: Populated the TokenStorage with an anonymous Token. [] []
[2020-11-08 17:19:11] request.CRITICAL: Uncaught PHP Exception Doctrine\DBAL\Exception\ConnectionException: "An exception occurred in driver: SQLSTATE[HY000] [1045] Access denied for user 'theimage'@'localhost' (using password: NO)" at /home/theimage/vendor/doctrine/dbal/lib/Doctrine/DBAL/Driver/AbstractMySQLDriver.php line 93 {"exception":"[object] (Doctrine\\DBAL\\Exception\\ConnectionException(code: 0): An exception occurred in driver: SQLSTATE[HY000] [1045] Access denied for user 'theimage'@'localhost' (using password: NO) at /home/theimage/vendor/doctrine/dbal/lib/Doctrine/DBAL/Driver/AbstractMySQLDriver.php:93, Doctrine\\DBAL\\Driver\\PDOException(code: 1045): SQLSTATE[HY000] [1045] Access denied for user 'theimage'@'localhost' (using password: NO) at /home/theimage/vendor/doctrine/dbal/lib/Doctrine/DBAL/Driver/PDOConnection.php:31, PDOException(code: 1045): SQLSTATE[HY000] [1045] Access denied for user 'theimage'@'localhost' (using password: NO) at /home/theimage/vendor/doctrine/dbal/lib/Doctrine/DBAL/Driver/PDOConnection.php:27)"} []
[2020-11-08 17:19:12] request.INFO: Matched route "get_all_posts". {"route":"get_all_posts","route_parameters":{"_route":"get_all_posts","_controller":"App\\Controller\\PostsController::getPostsAction"},"request_uri":"http://theimageboard.com/post/get-posts?page=1","method":"GET"} []
[2020-11-08 17:19:12] security.DEBUG: Checking for guard authentication credentials. {"firewall_key":"main","authenticators":1} []
[2020-11-08 17:19:12] security.DEBUG: Checking support on guard authenticator. {"firewall_key":"main","authenticator":"App\\Services\\Security\\AuthenticatorService"} []
[2020-11-08 17:19:12] security.DEBUG: Guard authenticator does not support the request. {"firewall_key":"main","authenticator":"App\\Services\\Security\\AuthenticatorService"} []
[2020-11-08 17:19:12] security.INFO: Populated the TokenStorage with an anonymous Token. [] []
[2020-11-08 17:19:12] request.CRITICAL: Uncaught PHP Exception Doctrine\DBAL\Exception\ConnectionException: "An exception occurred in driver: SQLSTATE[HY000] [1045] Access denied for user 'theimage'@'localhost' (using password: NO)" at /home/theimage/vendor/doctrine/dbal/lib/Doctrine/DBAL/Driver/AbstractMySQLDriver.php line 93 {"exception":"[object] (Doctrine\\DBAL\\Exception\\ConnectionException(code: 0): An exception occurred in driver: SQLSTATE[HY000] [1045] Access denied for user 'theimage'@'localhost' (using password: NO) at /home/theimage/vendor/doctrine/dbal/lib/Doctrine/DBAL/Driver/AbstractMySQLDriver.php:93, Doctrine\\DBAL\\Driver\\PDOException(code: 1045): SQLSTATE[HY000] [1045] Access denied for user 'theimage'@'localhost' (using password: NO) at /home/theimage/vendor/doctrine/dbal/lib/Doctrine/DBAL/Driver/PDOConnection.php:31, PDOException(code: 1045): SQLSTATE[HY000] [1045] Access denied for user 'theimage'@'localhost' (using password: NO) at /home/theimage/vendor/doctrine/dbal/lib/Doctrine/DBAL/Driver/PDOConnection.php:27)"} []
[2020-12-21 21:58:30] request.INFO: Matched route "index". {"route":"index","route_parameters":{"_route":"index","_controller":"App\\Controller\\IndexController::indexAction"},"request_uri":"http://theimageboard.com/","method":"GET"} []
[2020-12-21 21:58:30] security.DEBUG: Checking for guard authentication credentials. {"firewall_key":"main","authenticators":1} []
[2020-12-21 21:58:30] security.DEBUG: Checking support on guard authenticator. {"firewall_key":"main","authenticator":"App\\Services\\Security\\AuthenticatorService"} []
[2020-12-21 21:58:30] security.DEBUG: Guard authenticator does not support the request. {"firewall_key":"main","authenticator":"App\\Services\\Security\\AuthenticatorService"} []
[2020-12-21 21:58:30] security.INFO: Populated the TokenStorage with an anonymous Token. [] []
[2020-12-21 21:58:30] request.CRITICAL: Uncaught PHP Exception Twig\Error\LoaderError: "Unable to find template "base.html.twig" (looked into: /home/theimage/templates, /home/theimage/vendor/symfony/twig-bridge/Resources/views/Form) in "index.html.twig" at line 1." at /home/theimage/vendor/twig/twig/src/Loader/FilesystemLoader.php line 250 {"exception":"[object] (Twig\\Error\\LoaderError(code: 0): Unable to find template \"base.html.twig\" (looked into: /home/theimage/templates, /home/theimage/vendor/symfony/twig-bridge/Resources/views/Form) in \"index.html.twig\" at line 1. at /home/theimage/vendor/twig/twig/src/Loader/FilesystemLoader.php:250)"} []
[2020-12-21 21:58:31] request.INFO: Matched route "index". {"route":"index","route_parameters":{"_route":"index","_controller":"App\\Controller\\IndexController::indexAction"},"request_uri":"http://theimageboard.com/","method":"GET"} []
[2020-12-21 21:58:31] security.DEBUG: Checking for guard authentication credentials. {"firewall_key":"main","authenticators":1} []
[2020-12-21 21:58:31] security.DEBUG: Checking support on guard authenticator. {"firewall_key":"main","authenticator":"App\\Services\\Security\\AuthenticatorService"} []
[2020-12-21 21:58:31] security.DEBUG: Guard authenticator does not support the request. {"firewall_key":"main","authenticator":"App\\Services\\Security\\AuthenticatorService"} []
[2020-12-21 21:58:31] security.INFO: Populated the TokenStorage with an anonymous Token. [] []
[2020-12-21 21:58:31] request.CRITICAL: Uncaught PHP Exception Twig\Error\LoaderError: "Unable to find template "base.html.twig" (looked into: /home/theimage/templates, /home/theimage/vendor/symfony/twig-bridge/Resources/views/Form) in "index.html.twig" at line 1." at /home/theimage/vendor/twig/twig/src/Loader/FilesystemLoader.php line 250 {"exception":"[object] (Twig\\Error\\LoaderError(code: 0): Unable to find template \"base.html.twig\" (looked into: /home/theimage/templates, /home/theimage/vendor/symfony/twig-bridge/Resources/views/Form) in \"index.html.twig\" at line 1. at /home/theimage/vendor/twig/twig/src/Loader/FilesystemLoader.php:250)"} []
[2020-12-21 21:58:34] request.INFO: Matched route "index". {"route":"index","route_parameters":{"_route":"index","_controller":"App\\Controller\\IndexController::indexAction"},"request_uri":"http://theimageboard.com/","method":"GET"} []
[2020-12-21 21:58:34] security.DEBUG: Checking for guard authentication credentials. {"firewall_key":"main","authenticators":1} []
[2020-12-21 21:58:34] security.DEBUG: Checking support on guard authenticator. {"firewall_key":"main","authenticator":"App\\Services\\Security\\AuthenticatorService"} []
[2020-12-21 21:58:34] security.DEBUG: Guard authenticator does not support the request. {"firewall_key":"main","authenticator":"App\\Services\\Security\\AuthenticatorService"} []
[2020-12-21 21:58:34] security.INFO: Populated the TokenStorage with an anonymous Token. [] []
[2020-12-21 21:58:34] request.CRITICAL: Uncaught PHP Exception Twig\Error\LoaderError: "Unable to find template "base.html.twig" (looked into: /home/theimage/templates, /home/theimage/vendor/symfony/twig-bridge/Resources/views/Form) in "index.html.twig" at line 1." at /home/theimage/vendor/twig/twig/src/Loader/FilesystemLoader.php line 250 {"exception":"[object] (Twig\\Error\\LoaderError(code: 0): Unable to find template \"base.html.twig\" (looked into: /home/theimage/templates, /home/theimage/vendor/symfony/twig-bridge/Resources/views/Form) in \"index.html.twig\" at line 1. at /home/theimage/vendor/twig/twig/src/Loader/FilesystemLoader.php:250)"} []
[2020-12-21 21:58:36] request.INFO: Matched route "index". {"route":"index","route_parameters":{"_route":"index","_controller":"App\\Controller\\IndexController::indexAction"},"request_uri":"http://theimageboard.com/","method":"GET"} []
[2020-12-21 21:58:36] security.DEBUG: Checking for guard authentication credentials. {"firewall_key":"main","authenticators":1} []
[2020-12-21 21:58:36] security.DEBUG: Checking support on guard authenticator. {"firewall_key":"main","authenticator":"App\\Services\\Security\\AuthenticatorService"} []
[2020-12-21 21:58:36] security.DEBUG: Guard authenticator does not support the request. {"firewall_key":"main","authenticator":"App\\Services\\Security\\AuthenticatorService"} []
[2020-12-21 21:58:36] security.INFO: Populated the TokenStorage with an anonymous Token. [] []
[2020-12-21 21:58:36] request.CRITICAL: Uncaught PHP Exception Twig\Error\LoaderError: "Unable to find template "base.html.twig" (looked into: /home/theimage/templates, /home/theimage/vendor/symfony/twig-bridge/Resources/views/Form) in "index.html.twig" at line 1." at /home/theimage/vendor/twig/twig/src/Loader/FilesystemLoader.php line 250 {"exception":"[object] (Twig\\Error\\LoaderError(code: 0): Unable to find template \"base.html.twig\" (looked into: /home/theimage/templates, /home/theimage/vendor/symfony/twig-bridge/Resources/views/Form) in \"index.html.twig\" at line 1. at /home/theimage/vendor/twig/twig/src/Loader/FilesystemLoader.php:250)"} []
[2020-12-21 21:58:36] request.INFO: Matched route "index". {"route":"index","route_parameters":{"_route":"index","_controller":"App\\Controller\\IndexController::indexAction"},"request_uri":"http://theimageboard.com/","method":"GET"} []
[2020-12-21 21:58:36] security.DEBUG: Checking for guard authentication credentials. {"firewall_key":"main","authenticators":1} []
[2020-12-21 21:58:36] security.DEBUG: Checking support on guard authenticator. {"firewall_key":"main","authenticator":"App\\Services\\Security\\AuthenticatorService"} []
[2020-12-21 21:58:36] security.DEBUG: Guard authenticator does not support the request. {"firewall_key":"main","authenticator":"App\\Services\\Security\\AuthenticatorService"} []
[2020-12-21 21:58:36] security.INFO: Populated the TokenStorage with an anonymous Token. [] []
[2020-12-21 21:58:36] request.CRITICAL: Uncaught PHP Exception Twig\Error\LoaderError: "Unable to find template "base.html.twig" (looked into: /home/theimage/templates, /home/theimage/vendor/symfony/twig-bridge/Resources/views/Form) in "index.html.twig" at line 1." at /home/theimage/vendor/twig/twig/src/Loader/FilesystemLoader.php line 250 {"exception":"[object] (Twig\\Error\\LoaderError(code: 0): Unable to find template \"base.html.twig\" (looked into: /home/theimage/templates, /home/theimage/vendor/symfony/twig-bridge/Resources/views/Form) in \"index.html.twig\" at line 1. at /home/theimage/vendor/twig/twig/src/Loader/FilesystemLoader.php:250)"} []
[2020-12-21 21:58:40] request.INFO: Matched route "index". {"route":"index","route_parameters":{"_route":"index","_controller":"App\\Controller\\IndexController::indexAction"},"request_uri":"http://theimageboard.com/","method":"GET"} []
[2020-12-21 21:58:40] security.DEBUG: Checking for guard authentication credentials. {"firewall_key":"main","authenticators":1} []
[2020-12-21 21:58:40] security.DEBUG: Checking support on guard authenticator. {"firewall_key":"main","authenticator":"App\\Services\\Security\\AuthenticatorService"} []
[2020-12-21 21:58:40] security.DEBUG: Guard authenticator does not support the request. {"firewall_key":"main","authenticator":"App\\Services\\Security\\AuthenticatorService"} []
[2020-12-21 21:58:40] security.INFO: Populated the TokenStorage with an anonymous Token. [] []
[2020-12-21 21:58:40] request.CRITICAL: Uncaught PHP Exception Twig\Error\LoaderError: "Unable to find template "base.html.twig" (looked into: /home/theimage/templates, /home/theimage/vendor/symfony/twig-bridge/Resources/views/Form) in "index.html.twig" at line 1." at /home/theimage/vendor/twig/twig/src/Loader/FilesystemLoader.php line 250 {"exception":"[object] (Twig\\Error\\LoaderError(code: 0): Unable to find template \"base.html.twig\" (looked into: /home/theimage/templates, /home/theimage/vendor/symfony/twig-bridge/Resources/views/Form) in \"index.html.twig\" at line 1. at /home/theimage/vendor/twig/twig/src/Loader/FilesystemLoader.php:250)"} []
[2020-12-21 22:03:09] php.INFO: User Deprecated: The "sensio_framework_extra.routing.loader.annot_class" service is deprecated since version 5.2 {"exception":"[object] (ErrorException(code: 0): User Deprecated: The \"sensio_framework_extra.routing.loader.annot_class\" service is deprecated since version 5.2 at /home/theimage/var/cache/prod/ContainerXaTTMui/srcApp_KernelProdContainer.php:4613)"} []
[2020-12-21 22:03:09] php.INFO: User Deprecated: The "Sensio\Bundle\FrameworkExtraBundle\Routing\AnnotatedRouteControllerLoader" class is deprecated since version 5.2. Use "Symfony\Bundle\FrameworkBundle\Routing\AnnotatedRouteControllerLoader" instead. {"exception":"[object] (ErrorException(code: 0): User Deprecated: The \"Sensio\\Bundle\\FrameworkExtraBundle\\Routing\\AnnotatedRouteControllerLoader\" class is deprecated since version 5.2. Use \"Symfony\\Bundle\\FrameworkBundle\\Routing\\AnnotatedRouteControllerLoader\" instead. at /home/theimage/vendor/sensio/framework-extra-bundle/src/Routing/AnnotatedRouteControllerLoader.php:19)"} []
[2020-12-21 22:03:09] php.INFO: User Deprecated: The "sensio_framework_extra.routing.loader.annot_dir" service is deprecated since version 5.2 {"exception":"[object] (ErrorException(code: 0): User Deprecated: The \"sensio_framework_extra.routing.loader.annot_dir\" service is deprecated since version 5.2 at /home/theimage/var/cache/prod/ContainerXaTTMui/srcApp_KernelProdContainer.php:4627)"} []
[2020-12-21 22:03:09] php.INFO: User Deprecated: The "sensio_framework_extra.routing.loader.annot_file" service is deprecated since version 5.2 {"exception":"[object] (ErrorException(code: 0): User Deprecated: The \"sensio_framework_extra.routing.loader.annot_file\" service is deprecated since version 5.2 at /home/theimage/var/cache/prod/ContainerXaTTMui/srcApp_KernelProdContainer.php:4641)"} []
[2020-12-21 22:03:10] request.INFO: Matched route "index". {"route":"index","route_parameters":{"_route":"index","_controller":"App\\Controller\\IndexController::indexAction"},"request_uri":"http://theimageboard.com/","method":"GET"} []
[2020-12-21 22:03:10] security.DEBUG: Checking for guard authentication credentials. {"firewall_key":"main","authenticators":1} []
[2020-12-21 22:03:10] security.DEBUG: Checking support on guard authenticator. {"firewall_key":"main","authenticator":"App\\Services\\Security\\AuthenticatorService"} []
[2020-12-21 22:03:10] security.DEBUG: Guard authenticator does not support the request. {"firewall_key":"main","authenticator":"App\\Services\\Security\\AuthenticatorService"} []
[2020-12-21 22:03:10] security.INFO: Populated the TokenStorage with an anonymous Token. [] []
[2020-12-21 22:03:10] request.CRITICAL: Uncaught PHP Exception Twig\Error\RuntimeError: "An exception has been thrown during the rendering of a template ("Could not find the entry "Layout" in "/home/theimage/public/build/entrypoints.json". Found: entrypoints.")." at /home/theimage/templates/index.html.twig line 7 {"exception":"[object] (Twig\\Error\\RuntimeError(code: 0): An exception has been thrown during the rendering of a template (\"Could not find the entry \"Layout\" in \"/home/theimage/public/build/entrypoints.json\". Found: entrypoints.\"). at /home/theimage/templates/index.html.twig:7, Symfony\\WebpackEncoreBundle\\Exception\\EntrypointNotFoundException(code: 0): Could not find the entry \"Layout\" in \"/home/theimage/public/build/entrypoints.json\". Found: entrypoints. at /home/theimage/vendor/symfony/webpack-encore-bundle/src/Asset/EntrypointLookup.php:102)"} []
[2020-12-21 22:03:10] request.INFO: Matched route "index". {"route":"index","route_parameters":{"_route":"index","_controller":"App\\Controller\\IndexController::indexAction"},"request_uri":"http://theimageboard.com/","method":"GET"} []
[2020-12-21 22:03:10] security.DEBUG: Checking for guard authentication credentials. {"firewall_key":"main","authenticators":1} []
[2020-12-21 22:03:10] security.DEBUG: Checking support on guard authenticator. {"firewall_key":"main","authenticator":"App\\Services\\Security\\AuthenticatorService"} []
[2020-12-21 22:03:10] security.DEBUG: Guard authenticator does not support the request. {"firewall_key":"main","authenticator":"App\\Services\\Security\\AuthenticatorService"} []
[2020-12-21 22:03:10] security.INFO: Populated the TokenStorage with an anonymous Token. [] []
[2020-12-21 22:03:10] request.CRITICAL: Uncaught PHP Exception Twig\Error\RuntimeError: "An exception has been thrown during the rendering of a template ("Could not find the entry "Layout" in "/home/theimage/public/build/entrypoints.json". Found: entrypoints.")." at /home/theimage/templates/index.html.twig line 7 {"exception":"[object] (Twig\\Error\\RuntimeError(code: 0): An exception has been thrown during the rendering of a template (\"Could not find the entry \"Layout\" in \"/home/theimage/public/build/entrypoints.json\". Found: entrypoints.\"). at /home/theimage/templates/index.html.twig:7, Symfony\\WebpackEncoreBundle\\Exception\\EntrypointNotFoundException(code: 0): Could not find the entry \"Layout\" in \"/home/theimage/public/build/entrypoints.json\". Found: entrypoints. at /home/theimage/vendor/symfony/webpack-encore-bundle/src/Asset/EntrypointLookup.php:102)"} []
